=== STDOUT ===

==  Welcome to the SYMPHONY MILP Solver 
==  Copyright 2000-2023 Ted Ralphs and others 
==  All Rights Reserved. 
==  Distributed under the Eclipse Public License 1.0 
==  Version: 5.7.2 
==  Build Date: Mar 24 2024 

Reading input file...


Starting Preprocessing...
Preprocessing finished...
 	 constraints removed: 10
	 variables fixed: 5
Problem has 
	 2161 constraints 
	 5995 variables 
	 18213 nonzero coefficients

Total Presolve Time: 0.070147...

Solving...

   Time       Done     Queued                  LB                  UB     Gap 
      5        188        172         -2451414.66         -2451350.00    0.00 
     10        392        306         -2451411.06         -2451350.00    0.00 
     15        601        401         -2451408.18         -2451361.00    0.00 
     20        760        492         -2451405.89         -2451361.00    0.00 
     25        946        504         -2451404.28         -2451371.00    0.00 
     30       1131        597         -2451402.66         -2451371.00    0.00 
     35       1309        663         -2451401.09         -2451371.00    0.00 
     40       1496        754         -2451399.56         -2451371.00    0.00 
     45       1673        794         -2451398.52         -2451373.00    0.00 
     50       1858        869         -2451397.44         -2451373.00    0.00 
     55       2057        938         -2451396.50         -2451373.00    0.00 
     60       2258        903         -2451395.66         -2451377.00    0.00 
     65       2449        972         -2451394.92         -2451377.00    0.00 
     70       2640       1013         -2451394.24         -2451377.00    0.00 
     75       2830       1043         -2451393.53         -2451377.00    0.00 
     80       3030       1099         -2451392.84         -2451377.00    0.00 
     85       3236       1139         -2451392.23         -2451377.00    0.00 
     90       3440       1179         -2451391.61         -2451377.00    0.00 
     95       3641       1210         -2451391.15         -2451377.00    0.00 
    100       3834       1241         -2451390.55         -2451377.00    0.00 
    105       4038       1251         -2451390.12         -2451377.00    0.00 
    110       4226       1287         -2451389.57         -2451377.00    0.00 
    115       4433       1312         -2451389.15         -2451377.00    0.00 
    120       4635       1334         -2451388.72         -2451377.00    0.00 
    125       4832       1361         -2451388.31         -2451377.00    0.00 
    130       5047       1372         -2451387.91         -2451377.00    0.00 
    135       5254       1385         -2451387.52         -2451377.00    0.00 
    140       5452       1397         -2451387.12         -2451377.00    0.00 
    145       5662       1413         -2451386.80         -2451377.00    0.00 
    150       5858       1427         -2451386.45         -2451377.00    0.00 
    155       6057       1428         -2451386.16         -2451377.00    0.00 
    160       6270       1433         -2451385.86         -2451377.00    0.00 
    165       6470       1433         -2451385.60         -2451377.00    0.00 
    170       6676       1447         -2451385.27         -2451377.00    0.00 
    175       6877       1448         -2451384.96         -2451377.00    0.00 
    180       7076       1441         -2451384.59         -2451377.00    0.00 
    185       7278       1443         -2451384.24         -2451377.00    0.00 
    190       7484       1445         -2451384.01         -2451377.00    0.00 
    195       7681       1436         -2451383.72         -2451377.00    0.00 
    200       7873       1408         -2451383.44         -2451377.00    0.00 
    205       8072       1391         -2451383.17         -2451377.00    0.00 
    210       8265       1380         -2451382.84         -2451377.00    0.00 
    215       8454       1365         -2451382.58         -2451377.00    0.00 
    220       8652       1357         -2451382.33         -2451377.00    0.00 
    225       8863       1348         -2451382.11         -2451377.00    0.00 
    230       9063       1322         -2451381.88         -2451377.00    0.00 
    235       9253       1290         -2451381.69         -2451377.00    0.00 
    240       9442       1247         -2451381.49         -2451377.00    0.00 
    245       9646       1209         -2451381.27         -2451377.00    0.00 
    250       9843       1168         -2451380.99         -2451377.00    0.00 
    255      10046       1131         -2451380.77         -2451377.00    0.00 
    260      10242       1097         -2451380.51         -2451377.00    0.00 
    265      10438       1045         -2451380.25         -2451377.00    0.00 
    270      10632        991         -2451380.02         -2451377.00    0.00 
    275      10827        922         -2451379.80         -2451377.00    0.00 
    280      11034        877         -2451379.65         -2451377.00    0.00 
    285      11245        822         -2451379.45         -2451377.00    0.00 
    290      11450        755         -2451379.23         -2451377.00    0.00 
    295      11662        691         -2451379.07         -2451377.00    0.00 
    300      11867        608         -2451378.89         -2451377.00    0.00 
    305      12065        512         -2451378.70         -2451377.00    0.00 
    310      12270        421         -2451378.50         -2451377.00    0.00 
    315      12488        311         -2451378.36         -2451377.00    0.00 
    321      12692        181         -2451378.18         -2451377.00    0.00 
    326      12890         17         -2451378.07         -2451377.00    0.00 

****************************************************
* Optimal Solution Found                           *
* Now displaying stats and best solution found...  *
****************************************************

======================= CP Timing ===========================
  Cut Pool                  0.000
====================== LP/CG Timing =========================
  LP Solution Time          312.617
  LP Setup Time             2.436
  Variable Fixing           0.002
  Pricing                   0.000
  Strong Branching          0.651
  Separation                5.093
  Primal Heuristics         0.000
  Communication             0.207
=================== Parallel Overhead ======================
  Communication         0.207
  Ramp Up Time (TM)     0.075
  Ramp Down Time        0.000
  Total User Time              321.011
  Total Wallclock Time         326.523

====================== Statistics =========================
Number of created nodes :       13129
Number of analyzed nodes:       12908
Depth of tree:                  83
Size of the tree:               13129
Number of solutions found:      9
Number of solutions in pool:    9
Number of Chains:               11457
Number of Diving Halts:         5113
Number of cuts in cut pool:     0
Lower Bound in Root:            -2451533.299

======================= LP Solver =========================
Number of times LP solver called:                 15974
Number of calls from feasibility pump:            0
Number of calls from strong branching:            1400
Number of solutions found by LP solve:            0
Number of bounds changed by strong branching:     438
Number of nodes pruned by strong branching:       19
Number of bounds changed by branching presolver:  0
Number of nodes pruned by branching presolver:    0

==================== Primal Heuristics ====================
                             Time      #Called   #Solutions
Rounding I                   0.29         8720            9 
Rounding II                  0.06         1678            0 
Diving                       0.00 
Feasibility Pump             0.00 
Local Search                 0.60           14            5 
Restricted Search            0.00 
Rins Search                  0.00 
Local Branching              0.00 

=========================== Cuts ==========================
Accepted:                         1735
Added to LPs:                     1339
Deleted from LPs:                 1421
Removed because of bad coeffs:    0
Removed because of duplicacy:     0
Insufficiently violated:          0
In root:                          10

Time in cut generation:              4.82
Time in checking quality and adding: 0.05

                   Time     #Called     In Root       Total
Gomory             0.06         202           0           1 
Knapsack           4.72        3382          10        1734 
Clique             0.00           9           0           0 
Probing            0.03         104           0           0 
Flowcover          0.00           9           0           0 
Twomir             0.01           9           0           0 
Oddhole            0.00 
Mir                0.00 
Rounding           0.00 
LandP-I            0.00 
LandP-II           0.00 
Redsplit           0.00 

===========================================================
Solution Found: Node 3032, Level 8
Solution Cost: -2451377.0000000000
+++++++++++++++++++++++++++++++++++++++++++++++++++
Column names and values of nonzeros in the solution
+++++++++++++++++++++++++++++++++++++++++++++++++++
C-----20                                           1.0000000000
C-----34                                           1.0000000000
C-----37                                           1.0000000000
C-----40                                           1.0000000000
C-----47                                           1.0000000000
C-----53                                           1.0000000000
C-----54                                           1.0000000000
C-----73                                           1.0000000000
C-----78                                           1.0000000000
C-----89                                           1.0000000000
C----109                                           1.0000000000
C----114                                           1.0000000000
C----115                                           1.0000000000
C----128                                           1.0000000000
C----138                                           1.0000000000
C----184                                           1.0000000000
C----186                                           1.0000000000
C----220                                           1.0000000000
C----227                                           1.0000000000
C----253                                           1.0000000000
C----265                                           1.0000000000
C----277                                           1.0000000000
C----315                                           1.0000000000
C----327                                           1.0000000000
C----367                                           1.0000000000
C----382                                           1.0000000000
C----392                                           1.0000000000
C----415                                           1.0000000000
C----419                                           1.0000000000
C----426                                           1.0000000000
C----444                                           1.0000000000
C----449                                           1.0000000000
C----451                                           1.0000000000
C----456                                           1.0000000000
C----462                                           1.0000000000
C----472                                           1.0000000000
C----473                                           1.0000000000
C----519                                           1.0000000000
C----526                                           1.0000000000
C----527                                           1.0000000000
C----548                                           1.0000000000
C----557                                           1.0000000000
C----586                                           1.0000000000
C----590                                           1.0000000000
C----604                                           1.0000000000
C----610                                           1.0000000000
C----615                                           1.0000000000
C----628                                           1.0000000000
C----633                                           1.0000000000
C----647                                           1.0000000000
C----650                                           1.0000000000
C----659                                           1.0000000000
C----662                                           1.0000000000
C----725                                           1.0000000000
C----733                                           1.0000000000
C----746                                           1.0000000000
C----768                                           1.0000000000
C----778                                           1.0000000000
C----797                                           1.0000000000
C----808                                           1.0000000000
C----823                                           1.0000000000
C----825                                           1.0000000000
C----853                                           1.0000000000
C----857                                           1.0000000000
C----860                                           1.0000000000
C----873                                           1.0000000000
C----874                                           1.0000000000
C----890                                           1.0000000000
C----894                                           1.0000000000
C----910                                           1.0000000000
C----915                                           1.0000000000
C----939                                           1.0000000000
C----954                                           1.0000000000
C----955                                           1.0000000000
C----975                                           1.0000000000
C----983                                           1.0000000000
C----987                                           1.0000000000
C----993                                           1.0000000000
C----998                                           1.0000000000
C---1019                                           1.0000000000
C---1025                                           1.0000000000
C---1033                                           1.0000000000
C---1041                                           1.0000000000
C---1066                                           1.0000000000
C---1075                                           1.0000000000
C---1087                                           1.0000000000
C---1098                                           1.0000000000
C---1101                                           1.0000000000
C---1106                                           1.0000000000
C---1111                                           1.0000000000
C---1114                                           1.0000000000
C---1118                                           1.0000000000
C---1119                                           1.0000000000
C---1120                                           1.0000000000
C---1136                                           1.0000000000
C---1145                                           1.0000000000
C---1162                                           1.0000000000
C---1167                                           1.0000000000
C---1171                                           1.0000000000
C---1173                                           1.0000000000
C---1177                                           1.0000000000
C---1231                                           1.0000000000
C---1256                                           1.0000000000
C---1280                                           1.0000000000
C---1296                                           1.0000000000
C---1304                                           1.0000000000
C---1311                                           1.0000000000
C---1330                                           1.0000000000
C---1334                                           1.0000000000
C---1342                                           1.0000000000
C---1343                                           1.0000000000
C---1350                                           1.0000000000
C---1364                                           1.0000000000
C---1371                                           1.0000000000
C---1400                                           1.0000000000
C---1403                                           1.0000000000
C---1416                                           1.0000000000
C---1426                                           1.0000000000
C---1439                                           1.0000000000
C---1447                                           1.0000000000
C---1449                                           1.0000000000
C---1469                                           1.0000000000
C---1471                                           1.0000000000
C---1473                                           1.0000000000
C---1474                                           1.0000000000
C---1477                                           1.0000000000
C---1483                                           1.0000000000
C---1491                                           1.0000000000
C---1492                                           1.0000000000
C---1504                                           1.0000000000
C---1524                                           1.0000000000
C---1526                                           1.0000000000
C---1530                                           1.0000000000
C---1531                                           1.0000000000
C---1548                                           1.0000000000
C---1549                                           1.0000000000
C---1557                                           1.0000000000
C---1586                                           1.0000000000
C---1592                                           1.0000000000
C---1594                                           1.0000000000
C---1601                                           1.0000000000
C---1607                                           1.0000000000
C---1623                                           1.0000000000
C---1642                                           1.0000000000
C---1678                                           1.0000000000
C---1686                                           1.0000000000
C---1723                                           1.0000000000
C---1769                                           1.0000000000
C---1795                                           1.0000000000
C---1826                                           1.0000000000
C---1844                                           1.0000000000
C---1854                                           1.0000000000
C---1865                                           1.0000000000
C---1885                                           1.0000000000
C---1886                                           1.0000000000
C---1904                                           1.0000000000
C---1910                                           1.0000000000
C---1912                                           1.0000000000
C---1968                                           1.0000000000
C---1975                                           1.0000000000
C---1979                                           1.0000000000
C---2003                                           1.0000000000
C---2007                                           1.0000000000
C---2014                                           1.0000000000
C---2016                                           1.0000000000
C---2027                                           1.0000000000
C---2033                                           1.0000000000
C---2038                                           1.0000000000
C---2044                                           1.0000000000
C---2056                                           1.0000000000
C---2081                                           1.0000000000
C---2088                                           1.0000000000
C---2090                                           1.0000000000
C---2093                                           1.0000000000
C---2102                                           1.0000000000
C---2110                                           1.0000000000
C---2113                                           1.0000000000
C---2115                                           1.0000000000
C---2131                                           1.0000000000
C---2139                                           1.0000000000
C---2141                                           1.0000000000
C---2168                                           1.0000000000
C---2174                                           1.0000000000
C---2176                                           1.0000000000
C---2181                                           1.0000000000
C---2210                                           1.0000000000
C---2226                                           1.0000000000
C---2260                                           1.0000000000
C---2269                                           1.0000000000
C---2287                                           1.0000000000
C---2314                                           1.0000000000
C---2364                                           1.0000000000
C---2418                                           1.0000000000
C---2440                                           1.0000000000
C---2441                                           1.0000000000
C---2448                                           1.0000000000
C---2471                                           1.0000000000
C---2475                                           1.0000000000
C---2494                                           1.0000000000
C---2509                                           1.0000000000
C---2513                                           1.0000000000
C---2517                                           1.0000000000
C---2518                                           1.0000000000
C---2525                                           1.0000000000
C---2541                                           1.0000000000
C---2544                                           1.0000000000
C---2555                                           1.0000000000
C---2564                                           1.0000000000
C---2580                                           1.0000000000
C---2594                                           1.0000000000
C---2596                                           1.0000000000
C---2602                                           1.0000000000
C---2641                                           1.0000000000
C---2668                                           1.0000000000
C---2678                                           1.0000000000
C---2685                                           1.0000000000
C---2686                                           1.0000000000
C---2690                                           1.0000000000
C---2692                                           1.0000000000
C---2734                                           1.0000000000
C---2739                                           1.0000000000
C---2740                                           1.0000000000
C---2747                                           1.0000000000
C---2770                                           1.0000000000
C---2799                                           1.0000000000
C---2812                                           1.0000000000
C---2818                                           1.0000000000
C---2827                                           1.0000000000
C---2838                                           1.0000000000
C---2851                                           1.0000000000
C---2853                                           1.0000000000
C---2860                                           1.0000000000
C---2873                                           1.0000000000
C---2885                                           1.0000000000
C---2900                                           1.0000000000
C---2906                                           1.0000000000
C---2912                                           1.0000000000
C---2923                                           1.0000000000
C---2936                                           1.0000000000
C---2950                                           1.0000000000
C---2967                                           1.0000000000
C---2968                                           1.0000000000
C---2971                                           1.0000000000
C---2983                                           1.0000000000
C---2987                                           1.0000000000
C---3021                                           1.0000000000
C---3024                                           1.0000000000
C---3025                                           1.0000000000
C---3032                                           1.0000000000
C---3046                                           1.0000000000
C---3061                                           1.0000000000
C---3065                                           1.0000000000
C---3067                                           1.0000000000
C---3077                                           1.0000000000
C---3081                                           1.0000000000
C---3082                                           1.0000000000
C---3109                                           1.0000000000
C---3111                                           1.0000000000
C---3119                                           1.0000000000
C---3141                                           1.0000000000
C---3152                                           1.0000000000
C---3155                                           1.0000000000
C---3157                                           1.0000000000
C---3171                                           1.0000000000
C---3180                                           1.0000000000
C---3264                                           1.0000000000
C---3266                                           1.0000000000
C---3285                                           1.0000000000
C---3291                                           1.0000000000
C---3330                                           1.0000000000
C---3331                                           1.0000000000
C---3351                                           1.0000000000
C---3376                                           1.0000000000
C---3393                                           1.0000000000
C---3394                                           1.0000000000
C---3407                                           1.0000000000
C---3417                                           1.0000000000
C---3434                                           1.0000000000
C---3447                                           1.0000000000
C---3474                                           1.0000000000
C---3476                                           1.0000000000
C---3491                                           1.0000000000
C---3495                                           1.0000000000
C---3507                                           1.0000000000
C---3512                                           1.0000000000
C---3539                                           1.0000000000
C---3550                                           1.0000000000
C---3562                                           1.0000000000
C---3576                                           1.0000000000
C---3582                                           1.0000000000
C---3596                                           1.0000000000
C---3597                                           1.0000000000
C---3606                                           1.0000000000
C---3624                                           1.0000000000
C---3628                                           1.0000000000
C---3637                                           1.0000000000
C---3638                                           1.0000000000
C---3659                                           1.0000000000
C---3676                                           1.0000000000
C---3718                                           1.0000000000
C---3740                                           1.0000000000
C---3761                                           1.0000000000
C---3771                                           1.0000000000
C---3789                                           1.0000000000
C---3810                                           1.0000000000
C---3811                                           1.0000000000
C---3838                                           1.0000000000
C---3840                                           1.0000000000
C---3850                                           1.0000000000
C---3856                                           1.0000000000
C---3862                                           1.0000000000
C---3878                                           1.0000000000
C---3885                                           1.0000000000
C---3886                                           1.0000000000
C---3891                                           1.0000000000
C---3894                                           1.0000000000
C---3929                                           1.0000000000
C---3941                                           1.0000000000
C---3957                                           1.0000000000
C---3963                                           1.0000000000
C---3969                                           1.0000000000
C---3970                                           1.0000000000
C---3980                                           1.0000000000
C---3982                                           1.0000000000
C---4007                                           1.0000000000
C---4009                                           1.0000000000
C---4021                                           1.0000000000
C---4025                                           1.0000000000
C---4039                                           1.0000000000
C---4059                                           1.0000000000
C---4060                                           1.0000000000
C---4063                                           1.0000000000
C---4070                                           1.0000000000
C---4076                                           1.0000000000
C---4082                                           1.0000000000
C---4094                                           1.0000000000
C---4100                                           1.0000000000
C---4106                                           1.0000000000
C---4123                                           1.0000000000
C---4133                                           1.0000000000
C---4138                                           1.0000000000
C---4176                                           1.0000000000
C---4185                                           1.0000000000
C---4306                                           1.0000000000
C---4310                                           1.0000000000
C---4318                                           1.0000000000
C---4330                                           1.0000000000
C---4339                                           1.0000000000
C---4340                                           1.0000000000
C---4341                                           1.0000000000
C---4353                                           1.0000000000
C---4362                                           1.0000000000
C---4375                                           1.0000000000
C---4399                                           1.0000000000
C---4403                                           1.0000000000
C---4409                                           1.0000000000
C---4417                                           1.0000000000
C---4432                                           1.0000000000
C---4446                                           1.0000000000
C---4457                                           1.0000000000
C---4460                                           1.0000000000
C---4467                                           1.0000000000
C---4468                                           1.0000000000
C---4478                                           1.0000000000
C---4505                                           1.0000000000
C---4519                                           1.0000000000
C---4533                                           1.0000000000
C---4536                                           1.0000000000
C---4538                                           1.0000000000
C---4556                                           1.0000000000
C---4557                                           1.0000000000
C---4574                                           1.0000000000
C---4579                                           1.0000000000
C---4583                                           1.0000000000
C---4592                                           1.0000000000
C---4598                                           1.0000000000
C---4602                                           1.0000000000
C---4609                                           1.0000000000
C---4614                                           1.0000000000
C---4623                                           1.0000000000
C---4641                                           1.0000000000
C---4654                                           1.0000000000
C---4662                                           1.0000000000
C---4688                                           1.0000000000
C---4693                                           1.0000000000
C---4727                                           1.0000000000
C---4731                                           1.0000000000
C---4746                                           1.0000000000
C---4747                                           1.0000000000
C---4751                                           1.0000000000
C---4755                                           1.0000000000
C---4772                                           1.0000000000
C---4811                                           1.0000000000
C---4818                                           1.0000000000
C---4850                                           1.0000000000
C---4853                                           1.0000000000
C---4861                                           1.0000000000
C---4875                                           1.0000000000
C---4889                                           1.0000000000
C---4892                                           1.0000000000
C---4898                                           1.0000000000
C---4907                                           1.0000000000
C---4908                                           1.0000000000
C---4912                                           1.0000000000
C---4916                                           1.0000000000
C---4930                                           1.0000000000
C---4934                                           1.0000000000
C---4944                                           1.0000000000
C---4949                                           1.0000000000
C---4965                                           1.0000000000
C---4971                                           1.0000000000
C---4988                                           1.0000000000
C---4996                                           1.0000000000
C---5023                                           1.0000000000
C---5025                                           1.0000000000
C---5027                                           1.0000000000
C---5033                                           1.0000000000
C---5040                                           1.0000000000
C---5045                                           1.0000000000
C---5078                                           1.0000000000
C---5083                                           1.0000000000
C---5085                                           1.0000000000
C---5095                                           1.0000000000
C---5110                                           1.0000000000
C---5114                                           1.0000000000
C---5121                                           1.0000000000
C---5157                                           1.0000000000
C---5162                                           1.0000000000
C---5165                                           1.0000000000
C---5169                                           1.0000000000
C---5170                                           1.0000000000
C---5202                                           1.0000000000
C---5241                                           1.0000000000
C---5255                                           1.0000000000
C---5259                                           1.0000000000
C---5285                                           1.0000000000
C---5294                                           1.0000000000
C---5300                                           1.0000000000
C---5319                                           1.0000000000
C---5324                                           1.0000000000
C---5330                                           1.0000000000
C---5346                                           1.0000000000
C---5347                                           1.0000000000
C---5355                                           1.0000000000
C---5358                                           1.0000000000
C---5362                                           1.0000000000
C---5372                                           1.0000000000
C---5403                                           1.0000000000
C---5414                                           1.0000000000
C---5416                                           1.0000000000
C---5447                                           1.0000000000
C---5448                                           1.0000000000
C---5450                                           1.0000000000
C---5459                                           1.0000000000
C---5470                                           1.0000000000
C---5472                                           1.0000000000
C---5477                                           1.0000000000
C---5482                                           1.0000000000
C---5495                                           1.0000000000
C---5520                                           1.0000000000
C---5541                                           1.0000000000
C---5546                                           1.0000000000
C---5568                                           1.0000000000
C---5571                                           1.0000000000
C---5581                                           1.0000000000
C---5584                                           1.0000000000
C---5597                                           1.0000000000
C---5604                                           1.0000000000
C---5611                                           1.0000000000
C---5615                                           1.0000000000
C---5624                                           1.0000000000
C---5638                                           1.0000000000
C---5657                                           1.0000000000
C---5698                                           1.0000000000
C---5715                                           1.0000000000
C---5722                                           1.0000000000
C---5730                                           1.0000000000
C---5734                                           1.0000000000
C---5753                                           1.0000000000
C---5755                                           1.0000000000
C---5759                                           1.0000000000
C---5803                                           1.0000000000
C---5805                                           1.0000000000
C---5808                                           1.0000000000
C---5814                                           1.0000000000
C---5815                                           1.0000000000
C---5818                                           1.0000000000
C---5824                                           1.0000000000
C---5838                                           1.0000000000
C---5842                                           1.0000000000
C---5852                                           1.0000000000
C---5877                                           1.0000000000
C---5891                                           1.0000000000
C---5895                                           1.0000000000
C---5903                                           1.0000000000
C---5908                                           1.0000000000
C---5926                                           1.0000000000
C---5941                                           1.0000000000
C---5947                                           1.0000000000
C---5951                                           1.0000000000
C---5956                                           1.0000000000
C---5973                                           1.0000000000
C---5978                                           1.0000000000
C---5979                                           1.0000000000
C---5980                                           1.0000000000
C---5994                                           1.0000000000


=== STDERR ===
