Solution Log - 2025-07-15 15:42:28
==================================================
Status: optimal
Objective Value: -464.75314285714313

Variable Values:
X01: 80.0
X02: 25.499999999999993
X03: 54.50000000000001
X04: 84.80000000000001
X06: 18.214285714285708
X14: 18.214285714285708
X16: 19.307142857142853
X22: 500.00000000000006
X23: 475.9200000000001
X24: 24.08
X26: 215.0
X36: 339.94285714285724
X37: 383.94285714285724

Solver Statistics:
Time: 0.0231 sec
Nodes: 1
LP Iterations: 2
==================================================
