Solution Log - 2025-07-03 14:27:52
==================================================
Problem status: optimal
Objective value: 339.9999999999991

Variable Values:
X003: 0.9999999999999561
X017: 0.9999999999999313
X024: 0.9999999999998873
X031: 0.9999999999999191
X049: 0.9999999999999956
X055: 0.9999999999999706
X066: 0.9999999999999423
X072: 1.0000000000000242
X088: 0.9999999999998953
X100: 0.9999999999999337
Y006A003: 0.9999999999998235
Y012A003: 0.9999999999999697
Y019A003: 0.9999999999999076
Y035A003: 1.0000000000000673
Y040A003: 1.0000000000000338
Y050A003: 1.000000000000165
Y056A003: 0.9999999999998209
Y070A003: 0.9999999999998774
Y081A003: 1.0000000000000617
Y013A017: 0.999999999999962
Y019A017: 0.9999999999997146
Y035A017: 0.9999999999999309
Y041A017: 0.9999999999994754
Y051A017: 0.9999999999997571
Y056A017: 0.9999999999998916
Y070A017: 0.999999999999987
Y081A017: 0.9999999999999731
Y019A024: 0.9999999999998775
Y035A024: 1.000000000000088
Y040A024: 1.0000000000000393
Y050A024: 0.9999999999999676
Y056A024: 0.9999999999999929
Y070A024: 0.999999999999906
Y081A024: 0.9999999999998309
Y035A031: 0.9999999999999191
Y040A031: 0.9999999999999247
Y050A031: 0.9999999999997903
Y055A031: 0.9999999999999785
Y070A031: 0.9999999999995207
Y081A031: 0.9999999999994889
Y041A049: 0.9999999999999706
Y051A049: 0.9999999999998448
Y056A049: 0.9999999999997335
Y071A049: 1.0000000000001878
Y081A049: 0.9999999999998923
Y050A055: 0.9999999999999543
Y056A055: 0.9999999999998905
Y070A055: 0.9999999999996633
Y081A055: 0.9999999999999365
Y056A066: 0.9999999999999581
Y070A066: 1.0000000000000189
Y081A066: 1.0000000000000444
Y070A072: 1.000000000000005
Y081A072: 0.9999999999996368
Y081A088: 0.9999999999996235

Solver Statistics:
Solving Time: 24.945517 seconds
Number of LP Iterations: <bound method Model.getNLPIterations of <pyscipopt.scip.Model object at 0x106f8e510>>
Number of Nodes: 0
==================================================
Solution Log - 2025-07-03 14:34:03
==================================================
Problem status: optimal
Objective value: 339.9999999999991

Variable Values:
X003: 0.9999999999999561
X017: 0.9999999999999313
X024: 0.9999999999998873
X031: 0.9999999999999191
X049: 0.9999999999999956
X055: 0.9999999999999706
X066: 0.9999999999999423
X072: 1.0000000000000242
X088: 0.9999999999998953
X100: 0.9999999999999337
Y006A003: 0.9999999999998235
Y012A003: 0.9999999999999697
Y019A003: 0.9999999999999076
Y035A003: 1.0000000000000673
Y040A003: 1.0000000000000338
Y050A003: 1.000000000000165
Y056A003: 0.9999999999998209
Y070A003: 0.9999999999998774
Y081A003: 1.0000000000000617
Y013A017: 0.999999999999962
Y019A017: 0.9999999999997146
Y035A017: 0.9999999999999309
Y041A017: 0.9999999999994754
Y051A017: 0.9999999999997571
Y056A017: 0.9999999999998916
Y070A017: 0.999999999999987
Y081A017: 0.9999999999999731
Y019A024: 0.9999999999998775
Y035A024: 1.000000000000088
Y040A024: 1.0000000000000393
Y050A024: 0.9999999999999676
Y056A024: 0.9999999999999929
Y070A024: 0.999999999999906
Y081A024: 0.9999999999998309
Y035A031: 0.9999999999999191
Y040A031: 0.9999999999999247
Y050A031: 0.9999999999997903
Y055A031: 0.9999999999999785
Y070A031: 0.9999999999995207
Y081A031: 0.9999999999994889
Y041A049: 0.9999999999999706
Y051A049: 0.9999999999998448
Y056A049: 0.9999999999997335
Y071A049: 1.0000000000001878
Y081A049: 0.9999999999998923
Y050A055: 0.9999999999999543
Y056A055: 0.9999999999998905
Y070A055: 0.9999999999996633
Y081A055: 0.9999999999999365
Y056A066: 0.9999999999999581
Y070A066: 1.0000000000000189
Y081A066: 1.0000000000000444
Y070A072: 1.000000000000005
Y081A072: 0.9999999999996368
Y081A088: 0.9999999999996235

Solver Statistics:
Solving Time: 25.279831 seconds
Number of LP Iterations: <bound method Model.getNLPIterations of <pyscipopt.scip.Model object at 0x10437a510>>
Number of Nodes: 0
==================================================
